Arguments: 
  C:\Program Files\nodejs\node.exe C:\Users\Gurvir Singh\AppData\Roaming\npm\node_modules\yarn\bin\yarn.js add @mui/x-date-pickers

PATH: 
  C:\Program Files\Common Files\Oracle\Java\javapath;C:\ProgramData\Oracle\Java\javapath;C:\Python310\Scripts\;C:\Python310\;C:\Windows\system32;C:\Windows;C:\Windows\System32\Wbem;C:\Windows\System32\WindowsPowerShell\v1.0\;C:\Windows\System32\OpenSSH\;C:\Program Files\Git\cmd;C:\Program Files\nodejs\;C:\ProgramData\chocolatey\bin;C:\Program Files\PuTTY\;C:\Program Files\dotnet\;C:\Users\Gurvir Singh\AppData\Local\Microsoft\WindowsApps;C:\Users\Gurvir Singh\AppData\Local\Programs\Microsoft VS Code\bin;C:\Users\Gurvir Singh\AppData\Roaming\npm;C:\Program Files\nodejs;C:\Program Files\Ngrok;C:\Program Files\JetBrains\WebStorm 2021.3\bin;;C:\xampp\php;C:\Users\Gurvir Singh\composer;C:\Users\Gurvir Singh\.dotnet\tools

Yarn version: 
  1.22.18

Node version: 
  14.18.1

Platform: 
  win32 x64

Trace: 
  Error: https://registry.yarnpkg.com/@material-ui/icons/-/icons-4.11.3.tgz: ESOCKETTIMEDOUT
      at ClientRequest.<anonymous> (C:\Users\Gurvir Singh\AppData\Roaming\npm\node_modules\yarn\lib\cli.js:141510:19)
      at Object.onceWrapper (events.js:519:28)
      at ClientRequest.emit (events.js:400:28)
      at TLSSocket.emitRequestTimeout (_http_client.js:790:9)
      at Object.onceWrapper (events.js:519:28)
      at TLSSocket.emit (events.js:412:35)
      at TLSSocket.Socket._onTimeout (net.js:495:8)
      at listOnTimeout (internal/timers.js:557:17)
      at processTimers (internal/timers.js:500:7)

npm manifest: 
  {
    "private": true,
    "license": "MIT",
    "scripts": {
      "dev": "next dev",
      "build": "next build",
      "start": "next start"
    },
    "dependencies": {
      "@date-io/date-fns": "^2.14.0",
      "@emotion/react": "^11.9.0",
      "@emotion/styled": "^11.8.1",
      "@fortawesome/fontawesome-common-types": "^6.1.1",
      "@fortawesome/fontawesome-free": "^6.1.1",
      "@fortawesome/free-solid-svg-icons": "^6.1.1",
      "@fortawesome/react-fontawesome": "^0.1.18",
      "@mui/lab": "^5.0.0-alpha.85",
      "@mui/material": "^5.8.3",
      "@mui/styled-engine-sc": "^5.8.0",
      "@types/react-fontawesome": "^1.6.5",
      "materialui-daterange-picker": "^1.1.92",
      "next": "latest",
      "react": "18.1.0",
      "react-dom": "18.1.0",
      "react-simple-image-slider": "^2.4.1",
      "react-slick": "^0.29.0",
      "slick-carousel": "^1.8.1",
      "styled-components": "^5.3.5"
    },
    "devDependencies": {
      "@types/node": "17.0.35",
      "@types/react": "18.0.9",
      "@types/react-dom": "18.0.5",
      "autoprefixer": "^10.4.7",
      "postcss": "^8.4.14",
      "tailwindcss": "^3.0.24",
      "typescript": "4.7.2"
    }
  }

yarn manifest: 
  No manifest

Lockfile: 
  No lockfile
